# JRE version: Java(TM) SE Runtime Environment (8.0_131-b11) (build 1.8.0_131-b11)
# Java VM: Java HotSpot(TM) 64-Bit Server VM (25.131-b11 mixed mode linux-amd64 compressed oops)
Heap:
 PSYoungGen      total 226304K, used 18404K [0x00000000d6700000, 0x00000000e5600000, 0x0000000100000000)
  eden space 207872K, 0% used [0x00000000d6700000,0x00000000d6700000,0x00000000e3200000)
  from space 18432K, 99% used [0x00000000e3200000,0x00000000e43f9020,0x00000000e4400000)
  to   space 14336K, 0% used [0x00000000e4500000,0x00000000e4500000,0x00000000e5300000)
 ParOldGen       total 59904K, used 18210K [0x0000000083400000, 0x0000000086e80000, 0x00000000d6700000)
  object space 59904K, 30% used [0x0000000083400000,0x00000000845c8b28,0x0000000086e80000)
 Metaspace       used 33793K, capacity 34452K, committed 34560K, reserved 1079296K
  class space    used 4604K, capacity 4826K, committed 4864K, reserved 1048576K
GC Heap History (10 events):
Event: 1.848 GC heap after
Heap after GC invocations=3 (full 0):
 PSYoungGen      total 70656K, used 5104K [0x00000000d6700000, 0x00000000df100000, 0x0000000100000000)
  eden space 65536K, 0% used [0x00000000d6700000,0x00000000d6700000,0x00000000da700000)
  from space 5120K, 99% used [0x00000000da700000,0x00000000dabfc040,0x00000000dac00000)
  to   space 5120K, 0% used [0x00000000dec00000,0x00000000dec00000,0x00000000df100000)
 ParOldGen       total 86016K, used 9968K [0x0000000083400000, 0x0000000088800000, 0x00000000d6700000)
  object space 86016K, 11% used [0x0000000083400000,0x0000000083dbc360,0x0000000088800000)
 Metaspace       used 20332K, capacity 20652K, committed 20864K, reserved 1067008K
  class space    used 2798K, capacity 2870K, committed 2944K, reserved 1048576K
}
Event: 1.913 GC heap before
{Heap before GC invocations=4 (full 0):
 PSYoungGen      total 70656K, used 12880K [0x00000000d6700000, 0x00000000df100000, 0x0000000100000000)
  eden space 65536K, 11% used [0x00000000d6700000,0x00000000d6e98208,0x00000000da700000)
  from space 5120K, 99% used [0x00000000da700000,0x00000000dabfc040,0x00000000dac00000)
  to   space 5120K, 0% used [0x00000000dec00000,0x00000000dec00000,0x00000000df100000)
 ParOldGen       total 86016K, used 9968K [0x0000000083400000, 0x0000000088800000, 0x00000000d6700000)
  object space 86016K, 11% used [0x0000000083400000,0x0000000083dbc360,0x0000000088800000)
 Metaspace       used 20912K, capacity 21132K, committed 21248K, reserved 1067008K
  class space    used 2903K, capacity 2966K, committed 3072K, reserved 1048576K
Event: 1.925 GC heap after
Heap after GC invocations=4 (full 0):
 PSYoungGen      total 136192K, used 5104K [0x00000000d6700000, 0x00000000df100000, 0x0000000100000000)
  eden space 131072K, 0% used [0x00000000d6700000,0x00000000d6700000,0x00000000de700000)
  from space 5120K, 99% used [0x00000000dec00000,0x00000000df0fc040,0x00000000df100000)
  to   space 5120K, 0% used [0x00000000de700000,0x00000000de700000,0x00000000dec00000)
 ParOldGen       total 86016K, used 10585K [0x0000000083400000, 0x0000000088800000, 0x00000000d6700000)
  object space 86016K, 12% used [0x0000000083400000,0x0000000083e566c0,0x0000000088800000)
 Metaspace       used 20912K, capacity 21132K, committed 21248K, reserved 1067008K
  class space    used 2903K, capacity 2966K, committed 3072K, reserved 1048576K
}
Event: 1.925 GC heap before
{Heap before GC invocations=5 (full 1):
 PSYoungGen      total 136192K, used 5104K [0x00000000d6700000, 0x00000000df100000, 0x0000000100000000)
  eden space 131072K, 0% used [0x00000000d6700000,0x00000000d6700000,0x00000000de700000)
  from space 5120K, 99% used [0x00000000dec00000,0x00000000df0fc040,0x00000000df100000)
  to   space 5120K, 0% used [0x00000000de700000,0x00000000de700000,0x00000000dec00000)
 ParOldGen       total 86016K, used 10585K [0x0000000083400000, 0x0000000088800000, 0x00000000d6700000)
  object space 86016K, 12% used [0x0000000083400000,0x0000000083e566c0,0x0000000088800000)
 Metaspace       used 20912K, capacity 21132K, committed 21248K, reserved 1067008K
  class space    used 2903K, capacity 2966K, committed 3072K, reserved 1048576K
Event: 1.978 GC heap after
Heap after GC invocations=5 (full 1):
 PSYoungGen      total 136192K, used 0K [0x00000000d6700000, 0x00000000df100000, 0x0000000100000000)
  eden space 131072K, 0% used [0x00000000d6700000,0x00000000d6700000,0x00000000de700000)
  from space 5120K, 0% used [0x00000000dec00000,0x00000000dec00000,0x00000000df100000)
  to   space 5120K, 0% used [0x00000000de700000,0x00000000de700000,0x00000000dec00000)
 ParOldGen       total 59904K, used 7763K [0x0000000083400000, 0x0000000086e80000, 0x00000000d6700000)
  object space 59904K, 12% used [0x0000000083400000,0x0000000083b94ee8,0x0000000086e80000)
 Metaspace       used 20912K, capacity 21132K, committed 21248K, reserved 1067008K
  class space    used 2903K, capacity 2966K, committed 3072K, reserved 1048576K
}
Event: 2.934 GC heap before
{Heap before GC invocations=6 (full 1):
 PSYoungGen      total 136192K, used 131072K [0x00000000d6700000, 0x00000000df100000, 0x0000000100000000)
  eden space 131072K, 100% used [0x00000000d6700000,0x00000000de700000,0x00000000de700000)
  from space 5120K, 0% used [0x00000000dec00000,0x00000000dec00000,0x00000000df100000)
  to   space 5120K, 0% used [0x00000000de700000,0x00000000de700000,0x00000000dec00000)
 ParOldGen       total 59904K, used 7763K [0x0000000083400000, 0x0000000086e80000, 0x00000000d6700000)
  object space 59904K, 12% used [0x0000000083400000,0x0000000083b94ee8,0x0000000086e80000)
 Metaspace       used 28493K, capacity 28990K, committed 29312K, reserved 1075200K
  class space    used 3999K, capacity 4133K, committed 4224K, reserved 1048576K
Event: 2.952 GC heap after
Heap after GC invocations=6 (full 1):
 PSYoungGen      total 136192K, used 5108K [0x00000000d6700000, 0x00000000e5300000, 0x0000000100000000)
  eden space 131072K, 0% used [0x00000000d6700000,0x00000000d6700000,0x00000000de700000)
  from space 5120K, 99% used [0x00000000de700000,0x00000000debfd010,0x00000000dec00000)
  to   space 14336K, 0% used [0x00000000e4500000,0x00000000e4500000,0x00000000e5300000)
 ParOldGen       total 59904K, used 13593K [0x0000000083400000, 0x0000000086e80000, 0x00000000d6700000)
  object space 59904K, 22% used [0x0000000083400000,0x0000000084146630,0x0000000086e80000)
 Metaspace       used 28493K, capacity 28990K, committed 29312K, reserved 1075200K
  class space    used 3999K, capacity 4133K, committed 4224K, reserved 1048576K
}
Event: 4.960 GC heap before
{Heap before GC invocations=7 (full 1):
 PSYoungGen      total 136192K, used 136180K [0x00000000d6700000, 0x00000000e5300000, 0x0000000100000000)
  eden space 131072K, 100% used [0x00000000d6700000,0x00000000de700000,0x00000000de700000)
  from space 5120K, 99% used [0x00000000de700000,0x00000000debfd010,0x00000000dec00000)
  to   space 14336K, 0% used [0x00000000e4500000,0x00000000e4500000,0x00000000e5300000)
 ParOldGen       total 59904K, used 13593K [0x0000000083400000, 0x0000000086e80000, 0x00000000d6700000)
  object space 59904K, 22% used [0x0000000083400000,0x0000000084146630,0x0000000086e80000)
 Metaspace       used 33220K, capacity 33810K, committed 34048K, reserved 1079296K
  class space    used 4594K, capacity 4815K, committed 4864K, reserved 1048576K
Event: 4.996 GC heap after
Heap after GC invocations=7 (full 1):
 PSYoungGen      total 222208K, used 14308K [0x00000000d6700000, 0x00000000e5600000, 0x0000000100000000)
  eden space 207872K, 0% used [0x00000000d6700000,0x00000000d6700000,0x00000000e3200000)
  from space 14336K, 99% used [0x00000000e4500000,0x00000000e52f9040,0x00000000e5300000)
  to   space 18432K, 0% used [0x00000000e3200000,0x00000000e3200000,0x00000000e4400000)
 ParOldGen       total 59904K, used 16939K [0x0000000083400000, 0x0000000086e80000, 0x00000000d6700000)
  object space 59904K, 28% used [0x0000000083400000,0x000000008448ae80,0x0000000086e80000)
 Metaspace       used 33220K, capacity 33810K, committed 34048K, reserved 1079296K
  class space    used 4594K, capacity 4815K, committed 4864K, reserved 1048576K
}
Event: 6.078 GC heap before
{Heap before GC invocations=8 (full 1):
 PSYoungGen      total 222208K, used 222180K [0x00000000d6700000, 0x00000000e5600000, 0x0000000100000000)
  eden space 207872K, 100% used [0x00000000d6700000,0x00000000e3200000,0x00000000e3200000)
  from space 14336K, 99% used [0x00000000e4500000,0x00000000e52f9040,0x00000000e5300000)
  to   space 18432K, 0% used [0x00000000e3200000,0x00000000e3200000,0x00000000e4400000)
 ParOldGen       total 59904K, used 16939K [0x0000000083400000, 0x0000000086e80000, 0x00000000d6700000)
  object space 59904K, 28% used [0x0000000083400000,0x000000008448ae80,0x0000000086e80000)
 Metaspace       used 33793K, capacity 34452K, committed 34560K, reserved 1079296K
  class space    used 4604K, capacity 4826K, committed 4864K, reserved 1048576K

